2025-04-10 02:59:56,922 [INFO] Activator:176 - 


2025-04-10 02:59:56,924 [INFO] Activator:177 - !SESSION log4j initialized
2025-04-10 02:59:59,596 [INFO] LogOutputStream:77 - [STDOUT_REDIRECT] 
2025-04-10 03:00:02,132 [INFO] ApplicationProperties:184 - Using Application install path: C:\ST\STM32CubeIDE_1.17.0\STM32CubeIDE\plugins\com.st.stm32cube.common.mx_6.14.0.202502271554
2025-04-10 03:00:02,153 [INFO] DbMcusXml:78 - Set database path to: C:\ST\STM32CubeIDE_1.17.0\STM32CubeIDE\plugins\com.st.stm32cube.common.mx_6.14.0.202502271554\\db\/mcu/
2025-04-10 03:00:02,154 [INFO] ApiDb:274 - Set plugin database path to: C:\ST\STM32CubeIDE_1.17.0\STM32CubeIDE\plugins\com.st.stm32cube.common.mx_6.14.0.202502271554\\db\/plugins/boardmanager/
2025-04-10 03:00:02,154 [WARN] ApiDb:259 - Overriding images path with different value:  => C:\ST\STM32CubeIDE_1.17.0\STM32CubeIDE\plugins\com.st.stm32cube.common.mx_6.14.0.202502271554\\db\/plugins/mcufinder/images/
2025-04-10 03:00:02,162 [INFO] ApiDb:250 - Set database path to: C:\Users\ryans\.stmcufinder\plugins\mcufinder//mcu/
2025-04-10 03:00:02,164 [INFO] DbMcusAds:125 - Set database path to: C:\Users\ryans\.stmcufinder\plugins\mcufinder//mcu/
2025-04-10 03:00:02,167 [INFO] CrossReferenceDbSqlite:203 - Set database path to: C:\Users\ryans\.stmcufinder\plugins\mcufinder//mcu/cs/
2025-04-10 03:00:02,314 [INFO] RulesReader:64 - Compatibility file has been processed (301 Rules)
2025-04-10 03:00:02,419 [INFO] DbMcusXml:78 - Set database path to: C:\ST\STM32CubeIDE_1.17.0\STM32CubeIDE\plugins\com.st.stm32cube.common.mx_6.14.0.202502271554\\db\/mcu/
2025-04-10 03:00:02,419 [INFO] ApiDb:274 - Set plugin database path to: C:\ST\STM32CubeIDE_1.17.0\STM32CubeIDE\plugins\com.st.stm32cube.common.mx_6.14.0.202502271554\\db\/plugins/boardmanager/
2025-04-10 03:00:02,420 [INFO] ApiDb:261 - Set plugin images path to: C:\ST\STM32CubeIDE_1.17.0\STM32CubeIDE\plugins\com.st.stm32cube.common.mx_6.14.0.202502271554\\db\/plugins/mcufinder/images/
2025-04-10 03:00:02,420 [WARN] DbFile:41 - Overriding database path with different value: C:\Users\ryans\.stmcufinder\plugins\mcufinder/ => C:\Users\ryans\.stmcufinder\plugins\mcufinder
2025-04-10 03:00:02,420 [INFO] ApiDb:250 - Set database path to: C:\Users\ryans\.stmcufinder\plugins\mcufinder//mcu/
2025-04-10 03:00:02,420 [WARN] DbFile:41 - Overriding database path with different value: C:\Users\ryans\.stmcufinder\plugins\mcufinder/ => C:\Users\ryans\.stmcufinder\plugins\mcufinder
2025-04-10 03:00:02,420 [INFO] DbMcusAds:125 - Set database path to: C:\Users\ryans\.stmcufinder\plugins\mcufinder//mcu/
2025-04-10 03:00:02,420 [WARN] DbFile:41 - Overriding database path with different value: C:\Users\ryans\.stmcufinder\plugins\mcufinder/ => C:\Users\ryans\.stmcufinder\plugins\mcufinder
2025-04-10 03:00:02,420 [WARN] DbFile:41 - Overriding database path with different value: C:\Users\ryans\.stmcufinder\plugins\mcufinder/ => C:\Users\ryans\.stmcufinder\plugins\mcufinder
2025-04-10 03:00:02,421 [INFO] CrossReferenceDbSqlite:203 - Set database path to: C:\Users\ryans\.stmcufinder\plugins\mcufinder//mcu/cs/
2025-04-10 03:00:02,515 [INFO] MainPanel:272 - HeapMemory: 268435456
2025-04-10 03:00:02,647 [INFO] DbMcusXml:78 - Set database path to: C:\ST\STM32CubeIDE_1.17.0\STM32CubeIDE\plugins\com.st.stm32cube.common.mx_6.14.0.202502271554\\db\/mcu/
2025-04-10 03:00:02,647 [INFO] ApiDb:274 - Set plugin database path to: C:\ST\STM32CubeIDE_1.17.0\STM32CubeIDE\plugins\com.st.stm32cube.common.mx_6.14.0.202502271554\\db\/plugins/boardmanager/
2025-04-10 03:00:02,647 [INFO] ApiDb:261 - Set plugin images path to: C:\ST\STM32CubeIDE_1.17.0\STM32CubeIDE\plugins\com.st.stm32cube.common.mx_6.14.0.202502271554\\db\/plugins/mcufinder/images/
2025-04-10 03:00:02,647 [WARN] DbFile:41 - Overriding database path with different value: C:\Users\ryans\.stmcufinder\plugins\mcufinder/ => C:\Users\ryans\.stmcufinder\plugins\mcufinder
2025-04-10 03:00:02,647 [INFO] ApiDb:250 - Set database path to: C:\Users\ryans\.stmcufinder\plugins\mcufinder//mcu/
2025-04-10 03:00:02,648 [WARN] DbFile:41 - Overriding database path with different value: C:\Users\ryans\.stmcufinder\plugins\mcufinder/ => C:\Users\ryans\.stmcufinder\plugins\mcufinder
2025-04-10 03:00:02,648 [INFO] DbMcusAds:125 - Set database path to: C:\Users\ryans\.stmcufinder\plugins\mcufinder//mcu/
2025-04-10 03:00:02,648 [WARN] DbFile:41 - Overriding database path with different value: C:\Users\ryans\.stmcufinder\plugins\mcufinder/ => C:\Users\ryans\.stmcufinder\plugins\mcufinder
2025-04-10 03:00:02,648 [WARN] DbFile:41 - Overriding database path with different value: C:\Users\ryans\.stmcufinder\plugins\mcufinder/ => C:\Users\ryans\.stmcufinder\plugins\mcufinder
2025-04-10 03:00:02,648 [INFO] CrossReferenceDbSqlite:203 - Set database path to: C:\Users\ryans\.stmcufinder\plugins\mcufinder//mcu/cs/
2025-04-10 03:00:02,670 [INFO] ApplicationProperties:184 - Using Application install path: C:\ST\STM32CubeIDE_1.17.0\STM32CubeIDE\plugins\com.st.stm32cube.common.mx_6.14.0.202502271554
2025-04-10 03:00:02,673 [INFO] PluginManage:196 - Search for loadable plugins [exclusion list=, ]
2025-04-10 03:00:02,674 [INFO] PluginManage:310 - Check plugin analytics
2025-04-10 03:00:02,932 [INFO] AnalyticsPlugin:253 - Accepted Software Licenses: 
2025-04-10 03:00:02,932 [INFO] AnalyticsPlugin:255 - Accepted CMSIS Pack Licenses: 
2025-04-10 03:00:02,933 [INFO] AnalyticsPlugin:257 - Accepted Firmware Licenses: FW.F4.1.28.0
2025-04-10 03:00:02,937 [INFO] PluginManage:359 - Loaded plugin analytics (category:tool,tabindex:-1)
2025-04-10 03:00:02,938 [INFO] PluginManage:310 - Check plugin cadmodel
2025-04-10 03:00:02,945 [INFO] CADModel:105 - Init CAD model plugin
2025-04-10 03:00:02,946 [INFO] PluginManage:359 - Loaded plugin cadmodel (category:power,tabindex:5)
2025-04-10 03:00:02,946 [INFO] PluginManage:310 - Check plugin clock
2025-04-10 03:00:02,958 [INFO] PluginManage:359 - Loaded plugin clock (category:base,tabindex:2)
2025-04-10 03:00:02,958 [INFO] PluginManage:310 - Check plugin ddr
2025-04-10 03:00:02,961 [INFO] PluginManage:359 - Loaded plugin ddr (category:tool,tabindex:6)
2025-04-10 03:00:02,961 [INFO] PluginManage:310 - Check plugin filemanager
2025-04-10 03:00:03,151 [INFO] PluginManage:359 - Loaded plugin filemanager (category:base,tabindex:10)
2025-04-10 03:00:03,151 [INFO] PluginManage:310 - Check plugin ipmanager
2025-04-10 03:00:03,160 [INFO] PluginManage:359 - Loaded plugin ipmanager (category:base,tabindex:5)
2025-04-10 03:00:03,160 [INFO] PluginManage:310 - Check plugin lpbam
2025-04-10 03:00:03,169 [INFO] PluginManage:359 - Loaded plugin lpbam (category:base,tabindex:0)
2025-04-10 03:00:03,169 [INFO] PluginManage:310 - Check plugin memorymap
2025-04-10 03:00:03,189 [INFO] PluginManage:359 - Loaded plugin memorymap (category:base,tabindex:4)
2025-04-10 03:00:03,189 [INFO] PluginManage:310 - Check plugin pinoutandconfiguration
2025-04-10 03:00:03,198 [INFO] PluginManage:359 - Loaded plugin pinoutandconfiguration (category:base,tabindex:1)
2025-04-10 03:00:03,198 [INFO] PluginManage:310 - Check plugin pinoutconfig
2025-04-10 03:00:03,306 [WARN] SupportedApi:132 - Cannot load RTOS API schema: s4s-elt-must-match.1: The content of 'definitions' must match (annotation?, (simpleType | complexType)?, (unique | key | keyref)*)). A problem was found starting at: attribute.
2025-04-10 03:00:03,470 [INFO] PluginManage:359 - Loaded plugin pinoutconfig (category:base,tabindex:0)
2025-04-10 03:00:03,470 [INFO] PluginManage:310 - Check plugin power
2025-04-10 03:00:03,482 [INFO] PluginManage:359 - Loaded plugin power (category:power,tabindex:4)
2025-04-10 03:00:03,482 [INFO] PluginManage:310 - Check plugin projectmanager
2025-04-10 03:00:03,503 [INFO] PluginManage:359 - Loaded plugin projectmanager (category:projectmanager,tabindex:4)
2025-04-10 03:00:03,503 [INFO] PluginManage:310 - Check plugin rif
2025-04-10 03:00:03,510 [INFO] PluginManage:359 - Loaded plugin rif (category:base,tabindex:3)
2025-04-10 03:00:03,511 [INFO] PluginManage:310 - Check plugin thirdparty
2025-04-10 03:00:03,674 [WARN] IntegrityCheckThread:84 - waiting for thirdparty lock release [integrity check]
2025-04-10 03:00:03,675 [INFO] IntegrityCheckThread:86 - entering critical section [integrity check]
2025-04-10 03:00:03,675 [INFO] PluginManage:359 - Loaded plugin thirdparty (category:base,tabindex:-1)
2025-04-10 03:00:03,675 [INFO] PluginManage:310 - Check plugin tools
2025-04-10 03:00:03,675 [INFO] ThirdPartyUpdaterWithRetryManager:70 - Updater plugin not ready yet. [1/15]
2025-04-10 03:00:03,678 [INFO] PluginManage:359 - Loaded plugin tools (category:base,tabindex:7)
2025-04-10 03:00:03,678 [INFO] PluginManage:310 - Check plugin tutovideos
2025-04-10 03:00:03,910 [INFO] PluginManage:359 - Loaded plugin tutovideos (category:base,tabindex:-1)
2025-04-10 03:00:03,910 [INFO] PluginManage:310 - Check plugin updater
2025-04-10 03:00:03,937 [INFO] PluginManage:359 - Loaded plugin updater (category:base,tabindex:12)
2025-04-10 03:00:03,937 [INFO] PluginManage:310 - Check plugin userauth
2025-04-10 03:00:03,942 [INFO] UserAuth:118 - Init User Auth plugin
2025-04-10 03:00:03,943 [INFO] PluginManage:359 - Loaded plugin userauth (category:base,tabindex:14)
2025-04-10 03:00:03,944 [INFO] PluginManage:283 - PluginManage : Loaded plugins [18]
2025-04-10 03:00:04,216 [INFO] PinOutPanel:1589 - setPackage(No Configuration,No Configuration)
2025-04-10 03:00:04,331 [INFO] CADModel:165 - CPN selected for project level
2025-04-10 03:00:04,332 [INFO] CADModel:114 - Register for checkConnection events
2025-04-10 03:00:04,350 [INFO] IPUIPlugin:80 - create IPUIPlugin
2025-04-10 03:00:04,351 [INFO] PluginManager:220 - loadIPPluginJar : add adc
2025-04-10 03:00:04,354 [INFO] IPUIPlugin:80 - create IPUIPlugin
2025-04-10 03:00:04,354 [INFO] PluginManager:220 - loadIPPluginJar : add aes
2025-04-10 03:00:04,357 [INFO] IPUIPlugin:80 - create IPUIPlugin
2025-04-10 03:00:04,357 [INFO] PluginManager:220 - loadIPPluginJar : add can
2025-04-10 03:00:04,360 [INFO] IPUIPlugin:80 - create IPUIPlugin
2025-04-10 03:00:04,360 [INFO] PluginManager:220 - loadIPPluginJar : add comp
2025-04-10 03:00:04,363 [INFO] IPUIPlugin:80 - create IPUIPlugin
2025-04-10 03:00:04,363 [INFO] PluginManager:220 - loadIPPluginJar : add cryp
2025-04-10 03:00:04,366 [INFO] IPUIPlugin:80 - create IPUIPlugin
2025-04-10 03:00:04,367 [INFO] PluginManager:220 - loadIPPluginJar : add ddr_ctrl_phy
2025-04-10 03:00:04,370 [INFO] IPUIPlugin:80 - create IPUIPlugin
2025-04-10 03:00:04,370 [INFO] PluginManager:220 - loadIPPluginJar : add dfsdm
2025-04-10 03:00:04,376 [INFO] IPUIPlugin:80 - create IPUIPlugin
2025-04-10 03:00:04,377 [INFO] PluginManager:220 - loadIPPluginJar : add dma
2025-04-10 03:00:04,380 [INFO] IPUIPlugin:80 - create IPUIPlugin
2025-04-10 03:00:04,380 [INFO] PluginManager:220 - loadIPPluginJar : add dma3
2025-04-10 03:00:04,383 [INFO] IPUIPlugin:80 - create IPUIPlugin
2025-04-10 03:00:04,384 [INFO] PluginManager:220 - loadIPPluginJar : add extmemmanager
2025-04-10 03:00:04,386 [INFO] IPUIPlugin:80 - create IPUIPlugin
2025-04-10 03:00:04,386 [INFO] PluginManager:220 - loadIPPluginJar : add fatfs
2025-04-10 03:00:04,391 [INFO] IPUIPlugin:80 - create IPUIPlugin
2025-04-10 03:00:04,392 [INFO] PluginManager:220 - loadIPPluginJar : add fmc
2025-04-10 03:00:04,399 [INFO] IPUIPlugin:80 - create IPUIPlugin
2025-04-10 03:00:04,400 [INFO] PluginManager:220 - loadIPPluginJar : add freertos
2025-04-10 03:00:04,401 [INFO] IPUIPlugin:80 - create IPUIPlugin
2025-04-10 03:00:04,402 [INFO] PluginManager:220 - loadIPPluginJar : add genericplugin
2025-04-10 03:00:04,404 [INFO] IPUIPlugin:80 - create IPUIPlugin
2025-04-10 03:00:04,404 [INFO] PluginManager:220 - loadIPPluginJar : add gfxmmu
2025-04-10 03:00:04,409 [INFO] IPUIPlugin:80 - create IPUIPlugin
2025-04-10 03:00:04,410 [INFO] PluginManager:220 - loadIPPluginJar : add gic
2025-04-10 03:00:04,415 [INFO] IPUIPlugin:80 - create IPUIPlugin
2025-04-10 03:00:04,415 [INFO] PluginManager:220 - loadIPPluginJar : add gpio
2025-04-10 03:00:04,419 [INFO] IPUIPlugin:80 - create IPUIPlugin
2025-04-10 03:00:04,419 [INFO] PluginManager:220 - loadIPPluginJar : add gtzc
2025-04-10 03:00:04,422 [INFO] IPUIPlugin:80 - create IPUIPlugin
2025-04-10 03:00:04,422 [INFO] PluginManager:220 - loadIPPluginJar : add hash
2025-04-10 03:00:04,426 [INFO] IPUIPlugin:80 - create IPUIPlugin
2025-04-10 03:00:04,426 [INFO] PluginManager:220 - loadIPPluginJar : add i2c
2025-04-10 03:00:04,429 [INFO] IPUIPlugin:80 - create IPUIPlugin
2025-04-10 03:00:04,430 [INFO] PluginManager:220 - loadIPPluginJar : add i2s
2025-04-10 03:00:04,434 [INFO] IPUIPlugin:80 - create IPUIPlugin
2025-04-10 03:00:04,434 [INFO] PluginManager:220 - loadIPPluginJar : add i3c
2025-04-10 03:00:04,438 [INFO] IPUIPlugin:80 - create IPUIPlugin
2025-04-10 03:00:04,438 [INFO] PluginManager:220 - loadIPPluginJar : add ipddr
2025-04-10 03:00:04,447 [INFO] IPUIPlugin:80 - create IPUIPlugin
2025-04-10 03:00:04,448 [INFO] PluginManager:220 - loadIPPluginJar : add linkedlist
2025-04-10 03:00:04,453 [INFO] IPUIPlugin:80 - create IPUIPlugin
2025-04-10 03:00:04,453 [INFO] PluginManager:220 - loadIPPluginJar : add lorawan
2025-04-10 03:00:04,455 [INFO] IPUIPlugin:80 - create IPUIPlugin
2025-04-10 03:00:04,455 [INFO] PluginManager:220 - loadIPPluginJar : add ltdc
2025-04-10 03:00:04,462 [INFO] IPUIPlugin:80 - create IPUIPlugin
2025-04-10 03:00:04,462 [INFO] PluginManager:220 - loadIPPluginJar : add mdma
2025-04-10 03:00:04,466 [INFO] IPUIPlugin:80 - create IPUIPlugin
2025-04-10 03:00:04,466 [INFO] PluginManager:220 - loadIPPluginJar : add nvic
2025-04-10 03:00:04,470 [INFO] IPUIPlugin:80 - create IPUIPlugin
2025-04-10 03:00:04,470 [INFO] PluginManager:220 - loadIPPluginJar : add opamp
2025-04-10 03:00:04,473 [INFO] IPUIPlugin:80 - create IPUIPlugin
2025-04-10 03:00:04,474 [INFO] PluginManager:220 - loadIPPluginJar : add openamp
2025-04-10 03:00:04,477 [INFO] IPUIPlugin:80 - create IPUIPlugin
2025-04-10 03:00:04,478 [INFO] PluginManager:220 - loadIPPluginJar : add pdm2pcm
2025-04-10 03:00:04,487 [INFO] IPUIPlugin:80 - create IPUIPlugin
2025-04-10 03:00:04,490 [INFO] PluginManager:220 - loadIPPluginJar : add plateformsettings
2025-04-10 03:00:04,492 [INFO] IPUIPlugin:80 - create IPUIPlugin
2025-04-10 03:00:04,492 [INFO] PluginManager:220 - loadIPPluginJar : add quadspi
2025-04-10 03:00:04,494 [INFO] IPUIPlugin:80 - create IPUIPlugin
2025-04-10 03:00:04,495 [INFO] PluginManager:220 - loadIPPluginJar : add radio
2025-04-10 03:00:04,500 [INFO] IPUIPlugin:80 - create IPUIPlugin
2025-04-10 03:00:04,500 [INFO] PluginManager:220 - loadIPPluginJar : add resmgrutility
2025-04-10 03:00:04,504 [INFO] IPUIPlugin:80 - create IPUIPlugin
2025-04-10 03:00:04,504 [INFO] PluginManager:220 - loadIPPluginJar : add sai
2025-04-10 03:00:04,507 [INFO] IPUIPlugin:80 - create IPUIPlugin
2025-04-10 03:00:04,507 [INFO] PluginManager:220 - loadIPPluginJar : add spi
2025-04-10 03:00:04,514 [INFO] IPUIPlugin:80 - create IPUIPlugin
2025-04-10 03:00:04,514 [INFO] PluginManager:220 - loadIPPluginJar : add stm32_wpan
2025-04-10 03:00:04,516 [INFO] IPUIPlugin:80 - create IPUIPlugin
2025-04-10 03:00:04,517 [INFO] PluginManager:220 - loadIPPluginJar : add tim
2025-04-10 03:00:04,520 [INFO] IPUIPlugin:80 - create IPUIPlugin
2025-04-10 03:00:04,521 [INFO] PluginManager:220 - loadIPPluginJar : add touchsensing
2025-04-10 03:00:04,523 [INFO] IPUIPlugin:80 - create IPUIPlugin
2025-04-10 03:00:04,523 [INFO] PluginManager:220 - loadIPPluginJar : add tracer_emb
2025-04-10 03:00:04,526 [INFO] IPUIPlugin:80 - create IPUIPlugin
2025-04-10 03:00:04,526 [INFO] PluginManager:220 - loadIPPluginJar : add ts
2025-04-10 03:00:04,529 [INFO] IPUIPlugin:80 - create IPUIPlugin
2025-04-10 03:00:04,529 [INFO] PluginManager:220 - loadIPPluginJar : add tsc
2025-04-10 03:00:04,533 [INFO] IPUIPlugin:80 - create IPUIPlugin
2025-04-10 03:00:04,534 [INFO] PluginManager:220 - loadIPPluginJar : add ucpd
2025-04-10 03:00:04,538 [INFO] IPUIPlugin:80 - create IPUIPlugin
2025-04-10 03:00:04,538 [INFO] PluginManager:220 - loadIPPluginJar : add usart
2025-04-10 03:00:04,542 [INFO] IPUIPlugin:80 - create IPUIPlugin
2025-04-10 03:00:04,542 [INFO] PluginManager:220 - loadIPPluginJar : add usbx
2025-04-10 03:00:04,698 [FATAL] Updater:351 - Updater called before beeing initialized
2025-04-10 03:00:04,729 [INFO] RulesReader:64 - Compatibility file has been processed (301 Rules)
2025-04-10 03:00:04,745 [INFO] RulesReader:64 - Compatibility file has been processed (301 Rules)
2025-04-10 03:00:04,756 [INFO] CADModel:165 - CPN selected for project level
2025-04-10 03:00:04,756 [INFO] CADModel:114 - Register for checkConnection events
2025-04-10 03:00:04,756 [FATAL] Updater:351 - Updater called before beeing initialized
2025-04-10 03:00:04,756 [ERROR] CADModel:125 - Updater not yet initialized, retry later 
2025-04-10 03:00:04,955 [FATAL] Updater:351 - Updater called before beeing initialized
2025-04-10 03:00:04,957 [INFO] CADModel:165 - CPN selected for project level
2025-04-10 03:00:04,958 [INFO] CADModel:114 - Register for checkConnection events
2025-04-10 03:00:04,958 [FATAL] Updater:351 - Updater called before beeing initialized
2025-04-10 03:00:04,958 [ERROR] CADModel:125 - Updater not yet initialized, retry later 
2025-04-10 03:00:04,961 [FATAL] Updater:351 - Updater called before beeing initialized
2025-04-10 03:00:05,104 [FATAL] Updater:351 - Updater called before beeing initialized
2025-04-10 03:00:05,109 [INFO] DbMcusAds:53 - JSON generation date=Wed Sep 29 23:55:09 MST 2021 (1632984909247)
2025-04-10 03:00:05,110 [FATAL] Updater:351 - Updater called before beeing initialized
2025-04-10 03:00:05,158 [WARN] DetailPanel:346 - Failed to get advertising image, set to default
2025-04-10 03:00:05,542 [FATAL] Updater:351 - Updater called before beeing initialized
2025-04-10 03:00:05,544 [FATAL] Updater:351 - Updater called before beeing initialized
2025-04-10 03:00:05,544 [FATAL] Updater:351 - Updater called before beeing initialized
2025-04-10 03:00:05,544 [WARN] DetailPanel:346 - Failed to get advertising image, set to default
2025-04-10 03:00:05,545 [FATAL] Updater:351 - Updater called before beeing initialized
2025-04-10 03:00:05,617 [ERROR] Updater:1198 - MainUpdater not yet initialized. External WinMGr cannot be set.
2025-04-10 03:00:05,620 [INFO] Updater:1134 - Updater Version found : 6.14.0
2025-04-10 03:00:05,642 [INFO] ApplicationProperties:184 - Using Application install path: C:\ST\STM32CubeIDE_1.17.0\STM32CubeIDE\plugins\com.st.stm32cube.common.mx_6.14.0.202502271554
2025-04-10 03:00:06,676 [INFO] ThirdPartyUpdaterWithRetryManager:70 - Updater plugin not ready yet. [2/15]
2025-04-10 03:00:07,219 [ERROR] LogOutputStream:75 - [STDERR_REDIRECT] Apr 10, 2025 3:00:07 AM java.util.prefs.WindowsPreferences <init>
2025-04-10 03:00:07,221 [ERROR] LogOutputStream:75 - [STDERR_REDIRECT] WARNING: Could not open/create prefs root node Software\JavaSoft\Prefs at root 0xffffffff80000002. Windows RegCreateKeyEx(...) returned error code 5.
2025-04-10 03:00:07,221 [ERROR] LogOutputStream:75 - [STDERR_REDIRECT] 
2025-04-10 03:00:08,004 [INFO] MainUpdater:2872 - connection check result : 10
2025-04-10 03:00:08,007 [INFO] MainUpdater:289 - Updater Check For Update Now.
2025-04-10 03:00:08,007 [INFO] MicroXplorer:498 - Change Database Version : DB.6.0.140
2025-04-10 03:00:08,025 [INFO] McuFinderGlobals:63 - Set McuFinder mode to 2 (CubeIDE integrated)
2025-04-10 03:00:08,026 [INFO] UserAuth:171 - activating auth plugin
2025-04-10 03:00:08,035 [INFO] UserAuth:486 - Internet connection configuration mode: 1
2025-04-10 03:00:08,101 [INFO] JxBrowserEngine:152 - Initiate JxBrowser Engine with user profile folder
2025-04-10 03:00:08,332 [INFO] CheckServerUpdateThread:120 - End of CheckServer Thread
2025-04-10 03:00:08,960 [INFO] WebApp:169 - Instantiating new browser for Auth
2025-04-10 03:00:10,150 [INFO] WebApp:463 - Apply proxy settings
2025-04-10 03:00:10,150 [INFO] WebApp:548 - Chromium requires no authentication
