2025-04-10 03:00:26,503 [INFO] Activator:176 - 


2025-04-10 03:00:26,506 [INFO] Activator:177 - !SESSION log4j initialized
2025-04-10 03:00:28,948 [INFO] LogOutputStream:77 - [STDOUT_REDIRECT] 
2025-04-10 03:00:31,250 [INFO] ApplicationProperties:184 - Using Application install path: C:\ST\STM32CubeIDE_1.17.0\STM32CubeIDE\plugins\com.st.stm32cube.common.mx_6.14.0.202502271554
2025-04-10 03:00:31,268 [INFO] DbMcusXml:78 - Set database path to: C:\ST\STM32CubeIDE_1.17.0\STM32CubeIDE\plugins\com.st.stm32cube.common.mx_6.14.0.202502271554\\db\/mcu/
2025-04-10 03:00:31,269 [INFO] ApiDb:274 - Set plugin database path to: C:\ST\STM32CubeIDE_1.17.0\STM32CubeIDE\plugins\com.st.stm32cube.common.mx_6.14.0.202502271554\\db\/plugins/boardmanager/
2025-04-10 03:00:31,271 [WARN] ApiDb:259 - Overriding images path with different value:  => C:\ST\STM32CubeIDE_1.17.0\STM32CubeIDE\plugins\com.st.stm32cube.common.mx_6.14.0.202502271554\\db\/plugins/mcufinder/images/
2025-04-10 03:00:31,277 [INFO] ApiDb:250 - Set database path to: C:\Users\ryans\.stmcufinder\plugins\mcufinder//mcu/
2025-04-10 03:00:31,279 [INFO] DbMcusAds:125 - Set database path to: C:\Users\ryans\.stmcufinder\plugins\mcufinder//mcu/
2025-04-10 03:00:31,281 [INFO] CrossReferenceDbSqlite:203 - Set database path to: C:\Users\ryans\.stmcufinder\plugins\mcufinder//mcu/cs/
2025-04-10 03:00:31,424 [INFO] RulesReader:64 - Compatibility file has been processed (301 Rules)
2025-04-10 03:00:31,515 [INFO] DbMcusXml:78 - Set database path to: C:\ST\STM32CubeIDE_1.17.0\STM32CubeIDE\plugins\com.st.stm32cube.common.mx_6.14.0.202502271554\\db\/mcu/
2025-04-10 03:00:31,515 [INFO] ApiDb:274 - Set plugin database path to: C:\ST\STM32CubeIDE_1.17.0\STM32CubeIDE\plugins\com.st.stm32cube.common.mx_6.14.0.202502271554\\db\/plugins/boardmanager/
2025-04-10 03:00:31,515 [INFO] ApiDb:261 - Set plugin images path to: C:\ST\STM32CubeIDE_1.17.0\STM32CubeIDE\plugins\com.st.stm32cube.common.mx_6.14.0.202502271554\\db\/plugins/mcufinder/images/
2025-04-10 03:00:31,516 [WARN] DbFile:41 - Overriding database path with different value: C:\Users\ryans\.stmcufinder\plugins\mcufinder/ => C:\Users\ryans\.stmcufinder\plugins\mcufinder
2025-04-10 03:00:31,516 [INFO] ApiDb:250 - Set database path to: C:\Users\ryans\.stmcufinder\plugins\mcufinder//mcu/
2025-04-10 03:00:31,516 [WARN] DbFile:41 - Overriding database path with different value: C:\Users\ryans\.stmcufinder\plugins\mcufinder/ => C:\Users\ryans\.stmcufinder\plugins\mcufinder
2025-04-10 03:00:31,516 [INFO] DbMcusAds:125 - Set database path to: C:\Users\ryans\.stmcufinder\plugins\mcufinder//mcu/
2025-04-10 03:00:31,516 [WARN] DbFile:41 - Overriding database path with different value: C:\Users\ryans\.stmcufinder\plugins\mcufinder/ => C:\Users\ryans\.stmcufinder\plugins\mcufinder
2025-04-10 03:00:31,516 [WARN] DbFile:41 - Overriding database path with different value: C:\Users\ryans\.stmcufinder\plugins\mcufinder/ => C:\Users\ryans\.stmcufinder\plugins\mcufinder
2025-04-10 03:00:31,516 [INFO] CrossReferenceDbSqlite:203 - Set database path to: C:\Users\ryans\.stmcufinder\plugins\mcufinder//mcu/cs/
2025-04-10 03:00:31,601 [INFO] MainPanel:272 - HeapMemory: 268435456
2025-04-10 03:00:31,698 [INFO] DbMcusXml:78 - Set database path to: C:\ST\STM32CubeIDE_1.17.0\STM32CubeIDE\plugins\com.st.stm32cube.common.mx_6.14.0.202502271554\\db\/mcu/
2025-04-10 03:00:31,698 [INFO] ApiDb:274 - Set plugin database path to: C:\ST\STM32CubeIDE_1.17.0\STM32CubeIDE\plugins\com.st.stm32cube.common.mx_6.14.0.202502271554\\db\/plugins/boardmanager/
2025-04-10 03:00:31,698 [INFO] ApiDb:261 - Set plugin images path to: C:\ST\STM32CubeIDE_1.17.0\STM32CubeIDE\plugins\com.st.stm32cube.common.mx_6.14.0.202502271554\\db\/plugins/mcufinder/images/
2025-04-10 03:00:31,699 [WARN] DbFile:41 - Overriding database path with different value: C:\Users\ryans\.stmcufinder\plugins\mcufinder/ => C:\Users\ryans\.stmcufinder\plugins\mcufinder
2025-04-10 03:00:31,699 [INFO] ApiDb:250 - Set database path to: C:\Users\ryans\.stmcufinder\plugins\mcufinder//mcu/
2025-04-10 03:00:31,699 [WARN] DbFile:41 - Overriding database path with different value: C:\Users\ryans\.stmcufinder\plugins\mcufinder/ => C:\Users\ryans\.stmcufinder\plugins\mcufinder
2025-04-10 03:00:31,699 [INFO] DbMcusAds:125 - Set database path to: C:\Users\ryans\.stmcufinder\plugins\mcufinder//mcu/
2025-04-10 03:00:31,699 [WARN] DbFile:41 - Overriding database path with different value: C:\Users\ryans\.stmcufinder\plugins\mcufinder/ => C:\Users\ryans\.stmcufinder\plugins\mcufinder
2025-04-10 03:00:31,699 [WARN] DbFile:41 - Overriding database path with different value: C:\Users\ryans\.stmcufinder\plugins\mcufinder/ => C:\Users\ryans\.stmcufinder\plugins\mcufinder
2025-04-10 03:00:31,700 [INFO] CrossReferenceDbSqlite:203 - Set database path to: C:\Users\ryans\.stmcufinder\plugins\mcufinder//mcu/cs/
2025-04-10 03:00:31,722 [INFO] ApplicationProperties:184 - Using Application install path: C:\ST\STM32CubeIDE_1.17.0\STM32CubeIDE\plugins\com.st.stm32cube.common.mx_6.14.0.202502271554
2025-04-10 03:00:31,724 [INFO] PluginManage:196 - Search for loadable plugins [exclusion list=, ]
2025-04-10 03:00:31,726 [INFO] PluginManage:310 - Check plugin analytics
2025-04-10 03:00:31,926 [INFO] AnalyticsPlugin:253 - Accepted Software Licenses: 
2025-04-10 03:00:31,926 [INFO] AnalyticsPlugin:255 - Accepted CMSIS Pack Licenses: 
2025-04-10 03:00:31,927 [INFO] AnalyticsPlugin:257 - Accepted Firmware Licenses: FW.F4.1.28.0
2025-04-10 03:00:31,929 [INFO] PluginManage:359 - Loaded plugin analytics (category:tool,tabindex:-1)
2025-04-10 03:00:31,930 [INFO] PluginManage:310 - Check plugin cadmodel
2025-04-10 03:00:31,935 [INFO] CADModel:105 - Init CAD model plugin
2025-04-10 03:00:31,935 [INFO] PluginManage:359 - Loaded plugin cadmodel (category:power,tabindex:5)
2025-04-10 03:00:31,935 [INFO] PluginManage:310 - Check plugin clock
2025-04-10 03:00:31,945 [INFO] PluginManage:359 - Loaded plugin clock (category:base,tabindex:2)
2025-04-10 03:00:31,945 [INFO] PluginManage:310 - Check plugin ddr
2025-04-10 03:00:31,947 [INFO] PluginManage:359 - Loaded plugin ddr (category:tool,tabindex:6)
2025-04-10 03:00:31,948 [INFO] PluginManage:310 - Check plugin filemanager
2025-04-10 03:00:32,163 [INFO] PluginManage:359 - Loaded plugin filemanager (category:base,tabindex:10)
2025-04-10 03:00:32,163 [INFO] PluginManage:310 - Check plugin ipmanager
2025-04-10 03:00:32,172 [INFO] PluginManage:359 - Loaded plugin ipmanager (category:base,tabindex:5)
2025-04-10 03:00:32,172 [INFO] PluginManage:310 - Check plugin lpbam
2025-04-10 03:00:32,181 [INFO] PluginManage:359 - Loaded plugin lpbam (category:base,tabindex:0)
2025-04-10 03:00:32,181 [INFO] PluginManage:310 - Check plugin memorymap
2025-04-10 03:00:32,193 [INFO] PluginManage:359 - Loaded plugin memorymap (category:base,tabindex:4)
2025-04-10 03:00:32,193 [INFO] PluginManage:310 - Check plugin pinoutandconfiguration
2025-04-10 03:00:32,208 [INFO] PluginManage:359 - Loaded plugin pinoutandconfiguration (category:base,tabindex:1)
2025-04-10 03:00:32,208 [INFO] PluginManage:310 - Check plugin pinoutconfig
2025-04-10 03:00:32,312 [WARN] SupportedApi:132 - Cannot load RTOS API schema: s4s-elt-must-match.1: The content of 'definitions' must match (annotation?, (simpleType | complexType)?, (unique | key | keyref)*)). A problem was found starting at: attribute.
2025-04-10 03:00:32,455 [INFO] PluginManage:359 - Loaded plugin pinoutconfig (category:base,tabindex:0)
2025-04-10 03:00:32,456 [INFO] PluginManage:310 - Check plugin power
2025-04-10 03:00:32,464 [INFO] PluginManage:359 - Loaded plugin power (category:power,tabindex:4)
2025-04-10 03:00:32,464 [INFO] PluginManage:310 - Check plugin projectmanager
2025-04-10 03:00:32,483 [INFO] PluginManage:359 - Loaded plugin projectmanager (category:projectmanager,tabindex:4)
2025-04-10 03:00:32,483 [INFO] PluginManage:310 - Check plugin rif
2025-04-10 03:00:32,490 [INFO] PluginManage:359 - Loaded plugin rif (category:base,tabindex:3)
2025-04-10 03:00:32,490 [INFO] PluginManage:310 - Check plugin thirdparty
2025-04-10 03:00:32,632 [INFO] PluginManage:359 - Loaded plugin thirdparty (category:base,tabindex:-1)
2025-04-10 03:00:32,632 [WARN] IntegrityCheckThread:84 - waiting for thirdparty lock release [integrity check]
2025-04-10 03:00:32,633 [INFO] PluginManage:310 - Check plugin tools
2025-04-10 03:00:32,633 [INFO] IntegrityCheckThread:86 - entering critical section [integrity check]
2025-04-10 03:00:32,633 [INFO] ThirdPartyUpdaterWithRetryManager:70 - Updater plugin not ready yet. [1/15]
2025-04-10 03:00:32,637 [INFO] PluginManage:359 - Loaded plugin tools (category:base,tabindex:7)
2025-04-10 03:00:32,637 [INFO] PluginManage:310 - Check plugin tutovideos
2025-04-10 03:00:32,845 [INFO] PluginManage:359 - Loaded plugin tutovideos (category:base,tabindex:-1)
2025-04-10 03:00:32,845 [INFO] PluginManage:310 - Check plugin updater
2025-04-10 03:00:32,873 [INFO] PluginManage:359 - Loaded plugin updater (category:base,tabindex:12)
2025-04-10 03:00:32,874 [INFO] PluginManage:310 - Check plugin userauth
2025-04-10 03:00:32,879 [INFO] UserAuth:118 - Init User Auth plugin
2025-04-10 03:00:32,880 [INFO] PluginManage:359 - Loaded plugin userauth (category:base,tabindex:14)
2025-04-10 03:00:32,880 [INFO] PluginManage:283 - PluginManage : Loaded plugins [18]
2025-04-10 03:00:33,119 [INFO] PinOutPanel:1589 - setPackage(No Configuration,No Configuration)
2025-04-10 03:00:33,236 [INFO] CADModel:165 - CPN selected for project level
2025-04-10 03:00:33,236 [INFO] CADModel:114 - Register for checkConnection events
2025-04-10 03:00:33,254 [INFO] IPUIPlugin:80 - create IPUIPlugin
2025-04-10 03:00:33,254 [INFO] PluginManager:220 - loadIPPluginJar : add adc
2025-04-10 03:00:33,257 [INFO] IPUIPlugin:80 - create IPUIPlugin
2025-04-10 03:00:33,257 [INFO] PluginManager:220 - loadIPPluginJar : add aes
2025-04-10 03:00:33,261 [INFO] IPUIPlugin:80 - create IPUIPlugin
2025-04-10 03:00:33,261 [INFO] PluginManager:220 - loadIPPluginJar : add can
2025-04-10 03:00:33,263 [INFO] IPUIPlugin:80 - create IPUIPlugin
2025-04-10 03:00:33,263 [INFO] PluginManager:220 - loadIPPluginJar : add comp
2025-04-10 03:00:33,265 [INFO] IPUIPlugin:80 - create IPUIPlugin
2025-04-10 03:00:33,266 [INFO] PluginManager:220 - loadIPPluginJar : add cryp
2025-04-10 03:00:33,268 [INFO] IPUIPlugin:80 - create IPUIPlugin
2025-04-10 03:00:33,269 [INFO] PluginManager:220 - loadIPPluginJar : add ddr_ctrl_phy
2025-04-10 03:00:33,271 [INFO] IPUIPlugin:80 - create IPUIPlugin
2025-04-10 03:00:33,272 [INFO] PluginManager:220 - loadIPPluginJar : add dfsdm
2025-04-10 03:00:33,277 [INFO] IPUIPlugin:80 - create IPUIPlugin
2025-04-10 03:00:33,278 [INFO] PluginManager:220 - loadIPPluginJar : add dma
2025-04-10 03:00:33,282 [INFO] IPUIPlugin:80 - create IPUIPlugin
2025-04-10 03:00:33,282 [INFO] PluginManager:220 - loadIPPluginJar : add dma3
2025-04-10 03:00:33,287 [INFO] IPUIPlugin:80 - create IPUIPlugin
2025-04-10 03:00:33,287 [INFO] PluginManager:220 - loadIPPluginJar : add extmemmanager
2025-04-10 03:00:33,289 [INFO] IPUIPlugin:80 - create IPUIPlugin
2025-04-10 03:00:33,290 [INFO] PluginManager:220 - loadIPPluginJar : add fatfs
2025-04-10 03:00:33,295 [INFO] IPUIPlugin:80 - create IPUIPlugin
2025-04-10 03:00:33,295 [INFO] PluginManager:220 - loadIPPluginJar : add fmc
2025-04-10 03:00:33,305 [INFO] IPUIPlugin:80 - create IPUIPlugin
2025-04-10 03:00:33,305 [INFO] PluginManager:220 - loadIPPluginJar : add freertos
2025-04-10 03:00:33,307 [INFO] IPUIPlugin:80 - create IPUIPlugin
2025-04-10 03:00:33,307 [INFO] PluginManager:220 - loadIPPluginJar : add genericplugin
2025-04-10 03:00:33,310 [INFO] IPUIPlugin:80 - create IPUIPlugin
2025-04-10 03:00:33,310 [INFO] PluginManager:220 - loadIPPluginJar : add gfxmmu
2025-04-10 03:00:33,316 [INFO] IPUIPlugin:80 - create IPUIPlugin
2025-04-10 03:00:33,317 [INFO] PluginManager:220 - loadIPPluginJar : add gic
2025-04-10 03:00:33,324 [INFO] IPUIPlugin:80 - create IPUIPlugin
2025-04-10 03:00:33,325 [INFO] PluginManager:220 - loadIPPluginJar : add gpio
2025-04-10 03:00:33,328 [INFO] IPUIPlugin:80 - create IPUIPlugin
2025-04-10 03:00:33,328 [INFO] PluginManager:220 - loadIPPluginJar : add gtzc
2025-04-10 03:00:33,331 [INFO] IPUIPlugin:80 - create IPUIPlugin
2025-04-10 03:00:33,331 [INFO] PluginManager:220 - loadIPPluginJar : add hash
2025-04-10 03:00:33,334 [INFO] IPUIPlugin:80 - create IPUIPlugin
2025-04-10 03:00:33,334 [INFO] PluginManager:220 - loadIPPluginJar : add i2c
2025-04-10 03:00:33,338 [INFO] IPUIPlugin:80 - create IPUIPlugin
2025-04-10 03:00:33,338 [INFO] PluginManager:220 - loadIPPluginJar : add i2s
2025-04-10 03:00:33,341 [INFO] IPUIPlugin:80 - create IPUIPlugin
2025-04-10 03:00:33,341 [INFO] PluginManager:220 - loadIPPluginJar : add i3c
2025-04-10 03:00:33,347 [INFO] IPUIPlugin:80 - create IPUIPlugin
2025-04-10 03:00:33,348 [INFO] PluginManager:220 - loadIPPluginJar : add ipddr
2025-04-10 03:00:33,356 [INFO] IPUIPlugin:80 - create IPUIPlugin
2025-04-10 03:00:33,356 [INFO] PluginManager:220 - loadIPPluginJar : add linkedlist
2025-04-10 03:00:33,359 [INFO] IPUIPlugin:80 - create IPUIPlugin
2025-04-10 03:00:33,360 [INFO] PluginManager:220 - loadIPPluginJar : add lorawan
2025-04-10 03:00:33,361 [INFO] IPUIPlugin:80 - create IPUIPlugin
2025-04-10 03:00:33,362 [INFO] PluginManager:220 - loadIPPluginJar : add ltdc
2025-04-10 03:00:33,368 [INFO] IPUIPlugin:80 - create IPUIPlugin
2025-04-10 03:00:33,368 [INFO] PluginManager:220 - loadIPPluginJar : add mdma
2025-04-10 03:00:33,372 [INFO] IPUIPlugin:80 - create IPUIPlugin
2025-04-10 03:00:33,373 [INFO] PluginManager:220 - loadIPPluginJar : add nvic
2025-04-10 03:00:33,376 [INFO] IPUIPlugin:80 - create IPUIPlugin
2025-04-10 03:00:33,376 [INFO] PluginManager:220 - loadIPPluginJar : add opamp
2025-04-10 03:00:33,380 [INFO] IPUIPlugin:80 - create IPUIPlugin
2025-04-10 03:00:33,380 [INFO] PluginManager:220 - loadIPPluginJar : add openamp
2025-04-10 03:00:33,384 [INFO] IPUIPlugin:80 - create IPUIPlugin
2025-04-10 03:00:33,385 [INFO] PluginManager:220 - loadIPPluginJar : add pdm2pcm
2025-04-10 03:00:33,392 [INFO] IPUIPlugin:80 - create IPUIPlugin
2025-04-10 03:00:33,395 [INFO] PluginManager:220 - loadIPPluginJar : add plateformsettings
2025-04-10 03:00:33,398 [INFO] IPUIPlugin:80 - create IPUIPlugin
2025-04-10 03:00:33,398 [INFO] PluginManager:220 - loadIPPluginJar : add quadspi
2025-04-10 03:00:33,400 [INFO] IPUIPlugin:80 - create IPUIPlugin
2025-04-10 03:00:33,402 [INFO] PluginManager:220 - loadIPPluginJar : add radio
2025-04-10 03:00:33,405 [INFO] IPUIPlugin:80 - create IPUIPlugin
2025-04-10 03:00:33,405 [INFO] PluginManager:220 - loadIPPluginJar : add resmgrutility
2025-04-10 03:00:33,409 [INFO] IPUIPlugin:80 - create IPUIPlugin
2025-04-10 03:00:33,409 [INFO] PluginManager:220 - loadIPPluginJar : add sai
2025-04-10 03:00:33,412 [INFO] IPUIPlugin:80 - create IPUIPlugin
2025-04-10 03:00:33,412 [INFO] PluginManager:220 - loadIPPluginJar : add spi
2025-04-10 03:00:33,419 [INFO] IPUIPlugin:80 - create IPUIPlugin
2025-04-10 03:00:33,419 [INFO] PluginManager:220 - loadIPPluginJar : add stm32_wpan
2025-04-10 03:00:33,421 [INFO] IPUIPlugin:80 - create IPUIPlugin
2025-04-10 03:00:33,421 [INFO] PluginManager:220 - loadIPPluginJar : add tim
2025-04-10 03:00:33,425 [INFO] IPUIPlugin:80 - create IPUIPlugin
2025-04-10 03:00:33,425 [INFO] PluginManager:220 - loadIPPluginJar : add touchsensing
2025-04-10 03:00:33,427 [INFO] IPUIPlugin:80 - create IPUIPlugin
2025-04-10 03:00:33,428 [INFO] PluginManager:220 - loadIPPluginJar : add tracer_emb
2025-04-10 03:00:33,430 [INFO] IPUIPlugin:80 - create IPUIPlugin
2025-04-10 03:00:33,430 [INFO] PluginManager:220 - loadIPPluginJar : add ts
2025-04-10 03:00:33,432 [INFO] IPUIPlugin:80 - create IPUIPlugin
2025-04-10 03:00:33,432 [INFO] PluginManager:220 - loadIPPluginJar : add tsc
2025-04-10 03:00:33,435 [INFO] IPUIPlugin:80 - create IPUIPlugin
2025-04-10 03:00:33,435 [INFO] PluginManager:220 - loadIPPluginJar : add ucpd
2025-04-10 03:00:33,438 [INFO] IPUIPlugin:80 - create IPUIPlugin
2025-04-10 03:00:33,438 [INFO] PluginManager:220 - loadIPPluginJar : add usart
2025-04-10 03:00:33,442 [INFO] IPUIPlugin:80 - create IPUIPlugin
2025-04-10 03:00:33,442 [INFO] PluginManager:220 - loadIPPluginJar : add usbx
2025-04-10 03:00:33,592 [FATAL] Updater:351 - Updater called before beeing initialized
2025-04-10 03:00:33,622 [INFO] RulesReader:64 - Compatibility file has been processed (301 Rules)
2025-04-10 03:00:33,639 [INFO] RulesReader:64 - Compatibility file has been processed (301 Rules)
2025-04-10 03:00:33,650 [INFO] CADModel:165 - CPN selected for project level
2025-04-10 03:00:33,650 [INFO] CADModel:114 - Register for checkConnection events
2025-04-10 03:00:33,650 [FATAL] Updater:351 - Updater called before beeing initialized
2025-04-10 03:00:33,650 [ERROR] CADModel:125 - Updater not yet initialized, retry later 
2025-04-10 03:00:33,838 [FATAL] Updater:351 - Updater called before beeing initialized
2025-04-10 03:00:33,840 [INFO] CADModel:165 - CPN selected for project level
2025-04-10 03:00:33,840 [INFO] CADModel:114 - Register for checkConnection events
2025-04-10 03:00:33,840 [FATAL] Updater:351 - Updater called before beeing initialized
2025-04-10 03:00:33,840 [ERROR] CADModel:125 - Updater not yet initialized, retry later 
2025-04-10 03:00:33,844 [FATAL] Updater:351 - Updater called before beeing initialized
2025-04-10 03:00:33,977 [FATAL] Updater:351 - Updater called before beeing initialized
2025-04-10 03:00:33,982 [INFO] DbMcusAds:53 - JSON generation date=Wed Sep 29 23:55:09 MST 2021 (1632984909247)
2025-04-10 03:00:33,982 [FATAL] Updater:351 - Updater called before beeing initialized
2025-04-10 03:00:34,029 [WARN] DetailPanel:346 - Failed to get advertising image, set to default
2025-04-10 03:00:34,419 [FATAL] Updater:351 - Updater called before beeing initialized
2025-04-10 03:00:34,421 [FATAL] Updater:351 - Updater called before beeing initialized
2025-04-10 03:00:34,421 [FATAL] Updater:351 - Updater called before beeing initialized
2025-04-10 03:00:34,421 [WARN] DetailPanel:346 - Failed to get advertising image, set to default
2025-04-10 03:00:34,422 [FATAL] Updater:351 - Updater called before beeing initialized
2025-04-10 03:00:34,484 [ERROR] Updater:1198 - MainUpdater not yet initialized. External WinMGr cannot be set.
2025-04-10 03:00:34,486 [INFO] Updater:1134 - Updater Version found : 6.14.0
2025-04-10 03:00:34,503 [INFO] ApplicationProperties:184 - Using Application install path: C:\ST\STM32CubeIDE_1.17.0\STM32CubeIDE\plugins\com.st.stm32cube.common.mx_6.14.0.202502271554
2025-04-10 03:00:35,636 [INFO] ThirdPartyUpdaterWithRetryManager:70 - Updater plugin not ready yet. [2/15]
2025-04-10 03:00:36,086 [ERROR] LogOutputStream:75 - [STDERR_REDIRECT] Apr 10, 2025 3:00:36 AM java.util.prefs.WindowsPreferences <init>
2025-04-10 03:00:36,088 [ERROR] LogOutputStream:75 - [STDERR_REDIRECT] WARNING: Could not open/create prefs root node Software\JavaSoft\Prefs at root 0xffffffff80000002. Windows RegCreateKeyEx(...) returned error code 5.
2025-04-10 03:00:36,088 [ERROR] LogOutputStream:75 - [STDERR_REDIRECT] 
2025-04-10 03:00:36,430 [INFO] MainUpdater:2872 - connection check result : 10
2025-04-10 03:00:36,431 [INFO] MainUpdater:289 - Updater Check For Update Now.
2025-04-10 03:00:36,431 [INFO] MicroXplorer:498 - Change Database Version : DB.6.0.140
2025-04-10 03:00:36,437 [INFO] McuFinderGlobals:63 - Set McuFinder mode to 2 (CubeIDE integrated)
2025-04-10 03:00:36,438 [INFO] UserAuth:171 - activating auth plugin
2025-04-10 03:00:36,441 [INFO] UserAuth:486 - Internet connection configuration mode: 1
2025-04-10 03:00:36,458 [INFO] JxBrowserEngine:152 - Initiate JxBrowser Engine with user profile folder
2025-04-10 03:00:36,652 [INFO] CheckServerUpdateThread:120 - End of CheckServer Thread
2025-04-10 03:00:37,252 [INFO] WebApp:169 - Instantiating new browser for Auth
2025-04-10 03:00:38,147 [INFO] WebApp:463 - Apply proxy settings
2025-04-10 03:00:38,148 [INFO] WebApp:548 - Chromium requires no authentication
2025-04-10 03:00:38,157 [INFO] WebApp:491 - Direct internet connection detected
2025-04-10 03:00:38,187 [INFO] WebApp:894 - Register for checkConnection events
2025-04-10 03:00:38,187 [INFO] WebApp:463 - Apply proxy settings
2025-04-10 03:00:38,187 [INFO] WebApp:548 - Chromium requires no authentication
2025-04-10 03:00:38,188 [INFO] WebApp:491 - Direct internet connection detected
2025-04-10 03:00:38,365 [INFO] WebApp:191 - Connection restablished
2025-04-10 03:00:38,435 [INFO] WebApp:225 - Starting web application
2025-04-10 03:00:38,436 [INFO] WebApp:593 - Web application path used C:\ST\STM32CubeIDE_1.17.0\STM32CubeIDE\plugins\com.st.stm32cube.common.mx_6.14.0.202502271554\db\plugins\mcufinder\reactClient1\index.html
2025-04-10 03:00:38,917 [WARN] PackLoader:240 - Cannot read IP mode file for STMicroelectronics.FP-SNS-MOTENVWB1.1.4.0
2025-04-10 03:00:38,933 [WARN] PackLoader:240 - Cannot read IP mode file for STMicroelectronics.FP-ATR-ASTRA1.2.0.2
2025-04-10 03:00:38,941 [WARN] PackLoader:240 - Cannot read IP mode file for STMicroelectronics.FP-ATR-ASTRA1.2.0.1
2025-04-10 03:00:38,956 [WARN] PackLoader:240 - Cannot read IP mode file for STMicroelectronics.X-CUBE-SMBUS.2.1.0
2025-04-10 03:00:38,974 [WARN] PackLoader:240 - Cannot read IP mode file for STMicroelectronics.X-CUBE-WB05N.1.1.0
2025-04-10 03:00:39,038 [WARN] PackLoader:240 - Cannot read IP mode file for STMicroelectronics.X-CUBE-AZRTOS-F7.1.1.0
2025-04-10 03:00:39,140 [WARN] PackLoader:240 - Cannot read IP mode file for STMicroelectronics.X-CUBE-MEMS1.11.0.0
2025-04-10 03:00:39,380 [WARN] PackLoader:240 - Cannot read IP mode file for STMicroelectronics.FP-SNS-FLIGHT1.5.0.2
2025-04-10 03:00:39,411 [WARN] PackLoader:240 - Cannot read IP mode file for Infineon.AIROC-Wi-Fi-Bluetooth-STM32.1.7.0
2025-04-10 03:00:39,428 [WARN] PackLoader:240 - Cannot read IP mode file for STMicroelectronics.X-CUBE-DISPLAY.3.0.0
2025-04-10 03:00:39,442 [WARN] PackLoader:240 - Cannot read IP mode file for STMicroelectronics.X-CUBE-BLE1.7.0.0
2025-04-10 03:00:39,450 [WARN] PackLoader:240 - Cannot read IP mode file for STMicroelectronics.X-CUBE-NFC10.1.0.0
2025-04-10 03:00:39,467 [WARN] PackLoader:240 - Cannot read IP mode file for STMicroelectronics.X-CUBE-BLEMGR.4.0.0
2025-04-10 03:00:39,477 [WARN] PackLoader:240 - Cannot read IP mode file for emotas.I-CUBE-CANOPEN.1.3.0
2025-04-10 03:00:39,487 [WARN] PackLoader:240 - Cannot read IP mode file for STMicroelectronics.X-CUBE-BLEMGR.3.1.0
2025-04-10 03:00:39,496 [WARN] PackLoader:240 - Cannot read IP mode file for STMicroelectronics.X-CUBE-AI.10.0.0
2025-04-10 03:00:39,502 [WARN] PackLoader:240 - Cannot read IP mode file for STMicroelectronics.FP-SNS-SMARTAG2.1.2.0
2025-04-10 03:00:39,507 [WARN] PackLoader:240 - Cannot read IP mode file for STMicroelectronics.FP-SNS-FLIGHT1.5.1.0
2025-04-10 03:00:39,578 [WARN] PackLoader:240 - Cannot read IP mode file for STMicroelectronics.X-CUBE-MEMS1.11.1.0
2025-04-10 03:00:39,809 [INFO] LogOutputStream:77 - [STDOUT_REDIRECT] 1 : Invalid condition id : UX_CORESTACK_Condition cause : null
2025-04-10 03:00:39,810 [INFO] LogOutputStream:77 - [STDOUT_REDIRECT] 1 : Invalid condition id : UX_CORESTACK_Condition cause : null
2025-04-10 03:00:39,812 [INFO] LogOutputStream:77 - [STDOUT_REDIRECT] 1 : Invalid condition id : UX_CORESTACK_Condition cause : null
2025-04-10 03:00:39,814 [INFO] LogOutputStream:77 - [STDOUT_REDIRECT] 1 : Invalid condition id : UX_CORESTACK_Condition cause : null
2025-04-10 03:00:39,816 [INFO] LogOutputStream:77 - [STDOUT_REDIRECT] 1 : Invalid condition id : UX_CORESTACK_Condition cause : null
2025-04-10 03:00:39,820 [WARN] PackLoader:240 - Cannot read IP mode file for STMicroelectronics.X-CUBE-AZRTOS-WL.2.0.0
2025-04-10 03:00:39,830 [WARN] PackLoader:240 - Cannot read IP mode file for STMicroelectronics.FP-SNS-MOTENV1.5.0.0
2025-04-10 03:00:39,839 [WARN] PackLoader:240 - Cannot read IP mode file for wolfSSL.I-CUBE-wolfMQTT.1.19.0
2025-04-10 03:00:39,850 [WARN] PackLoader:240 - Cannot read IP mode file for WES.I-CUBE-Cesium.1.3.0
2025-04-10 03:00:39,858 [WARN] PackLoader:240 - Cannot read IP mode file for STMicroelectronics.X-CUBE-BLE2.3.3.0
2025-04-10 03:00:39,867 [WARN] PackLoader:240 - Cannot read IP mode file for STMicroelectronics.X-CUBE-NFC9.1.0.0
2025-04-10 03:00:39,874 [WARN] PackLoader:240 - Cannot read IP mode file for STMicroelectronics.X-CUBE-BLE1.7.1.0
2025-04-10 03:00:39,884 [WARN] PackLoader:240 - Cannot read IP mode file for STMicroelectronics.X-CUBE-TCPP.4.1.0
2025-04-10 03:00:39,905 [WARN] PackLoader:240 - Cannot read IP mode file for STMicroelectronics.X-CUBE-AZRTOS-G0.1.1.0
2025-04-10 03:00:39,917 [WARN] PackLoader:240 - Cannot read IP mode file for STMicroelectronics.X-CUBE-SAFEA1.1.2.2
2025-04-10 03:00:39,925 [WARN] PackLoader:240 - Cannot read IP mode file for STMicroelectronics.X-CUBE-NFC4.3.0.0
2025-04-10 03:00:39,937 [WARN] PackLoader:240 - Cannot read IP mode file for EmbeddedOffice.I-CUBE-FS-RTOS.1.0.1
2025-04-10 03:00:39,943 [WARN] PackLoader:240 - Cannot read IP mode file for STMicroelectronics.X-CUBE-TCPP.4.2.0
2025-04-10 03:00:39,951 [WARN] PackLoader:240 - Cannot read IP mode file for RealThread.X-CUBE-RT-Thread_Nano.4.1.1
2025-04-10 03:00:39,956 [WARN] PackLoader:240 - Cannot read IP mode file for STMicroelectronics.FP-ATR-SIGFOX1.3.2.0
2025-04-10 03:00:39,962 [WARN] ConditionMgr:438 - getConditionDescription Invalid condition id : Cortex-A Device cause : null
2025-04-10 03:00:39,978 [WARN] ConditionMgr:1044 - genDependencies : Invalid condition id : Cortex-A Device cause : null
2025-04-10 03:00:39,979 [WARN] ConditionMgr:1044 - genDependencies : Invalid condition id : Cortex-A Device cause : null
2025-04-10 03:00:39,979 [WARN] ConditionMgr:1044 - genDependencies : Invalid condition id : Cortex-A Device cause : null
2025-04-10 03:00:39,987 [WARN] PackLoader:240 - Cannot read IP mode file for STMicroelectronics.X-CUBE-EEPRMA1.5.1.0
2025-04-10 03:00:39,994 [WARN] PackLoader:240 - Cannot read IP mode file for wolfSSL.I-CUBE-wolfSSL.5.7.4
2025-04-10 03:00:40,002 [WARN] PackLoader:240 - Cannot read IP mode file for ITTIA_DB.I-CUBE-ITTIADB.8.9.0
2025-04-10 03:00:40,038 [WARN] PackLoader:240 - Cannot read IP mode file for SEGGER.I-CUBE-embOS.1.3.1
2025-04-10 03:00:40,087 [WARN] PackLoader:240 - Cannot read IP mode file for STMicroelectronics.X-CUBE-ALGOBUILD.1.4.0
2025-04-10 03:00:40,092 [WARN] PackLoader:240 - Cannot read IP mode file for STMicroelectronics.X-CUBE-AI.9.1.0
2025-04-10 03:00:40,113 [WARN] PackLoader:240 - Cannot read IP mode file for STMicroelectronics.X-CUBE-AZRTOS-F4.1.1.0
2025-04-10 03:00:40,121 [WARN] PackLoader:240 - Cannot read IP mode file for STMicroelectronics.X-CUBE-ISPU.2.1.0
2025-04-10 03:00:40,127 [WARN] PackLoader:240 - Cannot read IP mode file for STMicroelectronics.X-CUBE-FREERTOS.1.2.0
2025-04-10 03:00:40,145 [WARN] PackLoader:240 - Cannot read IP mode file for STMicroelectronics.X-CUBE-AZRTOS-L5.2.0.0
2025-04-10 03:00:40,157 [WARN] PackLoader:240 - Cannot read IP mode file for STMicroelectronics.X-CUBE-NFC6.3.1.0
2025-04-10 03:00:40,166 [WARN] PackLoader:240 - Cannot read IP mode file for STMicroelectronics.X-CUBE-DPower.1.2.0
2025-04-10 03:00:40,171 [WARN] PackLoader:240 - Cannot read IP mode file for STMicroelectronics.X-CUBE-FREERTOS.1.3.0
2025-04-10 03:00:40,178 [WARN] PackLoader:240 - Cannot read IP mode file for STMicroelectronics.X-CUBE-NFC7.1.0.1
2025-04-10 03:00:40,185 [WARN] PackLoader:240 - Cannot read IP mode file for STMicroelectronics.X-CUBE-DPower.1.3.0
2025-04-10 03:00:40,206 [WARN] ConditionMgr:438 - getConditionDescription Invalid condition id : LAN8742 Phy interface Condition cause : null
2025-04-10 03:00:40,207 [WARN] PackLoader:240 - Cannot read IP mode file for STMicroelectronics.X-CUBE-AZRTOS-L4.2.0.0
2025-04-10 03:00:40,208 [WARN] ConditionMgr:1044 - genDependencies : Invalid condition id : LAN8742 Phy interface Condition cause : null
2025-04-10 03:00:40,208 [WARN] ConditionMgr:1044 - genDependencies : Invalid condition id : LAN8742 Phy interface Condition cause : null
2025-04-10 03:00:40,209 [WARN] ConditionMgr:1044 - genDependencies : Invalid condition id : LAN8742 Phy interface Condition cause : null
2025-04-10 03:00:40,217 [WARN] PackLoader:240 - Cannot read IP mode file for STMicroelectronics.X-CUBE-SFXS2LP1.4.0.0
2025-04-10 03:00:40,239 [WARN] PackLoader:240 - Cannot read IP mode file for STMicroelectronics.X-CUBE-AZRTOS-H7.3.3.0
2025-04-10 03:00:40,257 [WARN] PackLoader:240 - Cannot read IP mode file for STMicroelectronics.X-CUBE-IPS.3.0.0
2025-04-10 03:00:40,275 [WARN] ConditionMgr:438 - getConditionDescription Invalid condition id : UX DEVICE CLASS RTOS Condition cause : null
2025-04-10 03:00:40,276 [WARN] ConditionMgr:438 - getConditionDescription Invalid condition id : UX DEVICE CLASS RTOS Condition cause : null
2025-04-10 03:00:40,279 [WARN] PackLoader:240 - Cannot read IP mode file for STMicroelectronics.X-CUBE-AZRTOS-WB.2.0.0
2025-04-10 03:00:40,280 [WARN] ConditionMgr:1044 - genDependencies : Invalid condition id : UX DEVICE CLASS RTOS Condition cause : null
2025-04-10 03:00:40,280 [WARN] ConditionMgr:1044 - genDependencies : Invalid condition id : UX DEVICE CLASS RTOS Condition cause : null
2025-04-10 03:00:40,281 [WARN] ConditionMgr:1044 - genDependencies : Invalid condition id : UX DEVICE CLASS RTOS Condition cause : null
2025-04-10 03:00:40,281 [WARN] ConditionMgr:1044 - genDependencies : Invalid condition id : UX DEVICE CLASS RTOS Condition cause : null
2025-04-10 03:00:40,281 [WARN] ConditionMgr:1044 - genDependencies : Invalid condition id : UX DEVICE CLASS RTOS Condition cause : null
2025-04-10 03:00:40,290 [WARN] PackLoader:240 - Cannot read IP mode file for STMicroelectronics.X-CUBE-GNSS1.7.0.0
2025-04-10 03:00:40,297 [WARN] PackLoader:240 - Cannot read IP mode file for STMicroelectronics.X-CUBE-GNSS1.7.0.1
2025-04-10 03:00:40,304 [WARN] PackLoader:240 - Cannot read IP mode file for STMicroelectronics.X-CUBE-TOUCHGFX.4.25.0
2025-04-10 03:00:40,313 [WARN] PackLoader:240 - Cannot read IP mode file for STMicroelectronics.FP-SNS-STBOX1.2.0.0
2025-04-10 03:00:40,327 [WARN] PackLoader:240 - Cannot read IP mode file for STMicroelectronics.X-CUBE-SUBG2.5.0.0
2025-04-10 03:00:40,359 [WARN] PackLoader:240 - Cannot read IP mode file for STMicroelectronics.X-CUBE-AZRTOS-H7RS.1.1.0
2025-04-10 03:00:40,367 [WARN] PackLoader:240 - Cannot read IP mode file for Cesanta.I-CUBE-Mongoose.7.13.0
2025-04-10 03:00:40,386 [WARN] PackLoader:240 - Cannot read IP mode file for STMicroelectronics.X-CUBE-AZRTOS-G4.2.0.0
2025-04-10 03:00:40,400 [WARN] PackLoader:240 - Cannot read IP mode file for STMicroelectronics.X-CUBE-IPS.3.1.0
2025-04-10 03:00:40,410 [WARN] PackLoader:240 - Cannot read IP mode file for STMicroelectronics.X-CUBE-ALS.1.0.2
2025-04-10 03:00:40,414 [WARN] PackLoader:240 - Cannot read IP mode file for STMicroelectronics.X-CUBE-TOUCHGFX.4.24.1
2025-04-10 03:00:40,419 [WARN] PackLoader:240 - Cannot read IP mode file for wolfSSL.I-CUBE-wolfTPM.3.4.0
2025-04-10 03:00:40,426 [WARN] PackLoader:240 - Cannot read IP mode file for portGmbH.I-Cube-SoM-uGOAL.1.1.0
2025-04-10 03:00:40,444 [WARN] PackLoader:240 - Cannot read IP mode file for STMicroelectronics.X-CUBE-AZRTOS-H7RS.1.0.0
2025-04-10 03:00:40,460 [WARN] PackLoader:240 - Cannot read IP mode file for STMicroelectronics.X-CUBE-TOF1.3.4.2
2025-04-10 03:00:40,476 [WARN] PackLoader:240 - Cannot read IP mode file for wolfSSL.I-CUBE-wolfSSH.1.4.17
2025-04-10 03:00:40,477 [INFO] ThirdParty:978 - Integrity check success = true
2025-04-10 03:00:40,477 [INFO] IntegrityCheckThread:100 - exiting critical section [integrity check]
2025-04-10 03:00:40,477 [INFO] IntegrityCheckThread:103 - End integrity checks thread
